\BOOKMARK [1][-]{section.1}{Introduzione}{}% 1
\BOOKMARK [1][-]{section.2}{Spazi metrici e spazi topologici}{}% 2
\BOOKMARK [2][-]{subsection.2.1}{Spazi metrici}{section.2}% 3
\BOOKMARK [2][-]{subsection.2.2}{Continuit\340 in spazi metrici}{section.2}% 4
\BOOKMARK [2][-]{subsection.2.3}{Spazi topologici}{section.2}% 5
\BOOKMARK [2][-]{subsection.2.4}{Continuit\340 in spazi topologici}{section.2}% 6
\BOOKMARK [2][-]{subsection.2.5}{Ordinamento fra topologie, basi e prebasi}{section.2}% 7
\BOOKMARK [2][-]{subsection.2.6}{Assiomi di numerabilit\340}{section.2}% 8
\BOOKMARK [2][-]{subsection.2.7}{Sottospazi topologici}{section.2}% 9
\BOOKMARK [1][-]{section.3}{Prodotti e quozienti topologici}{}% 10
\BOOKMARK [2][-]{subsection.3.1}{Topologie prodotto}{section.3}% 11
\BOOKMARK [2][-]{subsection.3.2}{Propriet\340 delle topologie prodotto}{section.3}% 12
\BOOKMARK [2][-]{subsection.3.3}{Assiomi di separazione}{section.3}% 13
\BOOKMARK [2][-]{subsection.3.4}{Quozienti topologici}{section.3}% 14
\BOOKMARK [2][-]{subsection.3.5}{Quozienti per azioni di gruppi}{section.3}% 15
\BOOKMARK [1][-]{section.4}{Connessioni e compattezza}{}% 16
\BOOKMARK [2][-]{subsection.4.1}{Ricoprimenti}{section.4}% 17
\BOOKMARK [2][-]{subsection.4.2}{Connessioni}{section.4}% 18
\BOOKMARK [2][-]{subsection.4.3}{Compattezza}{section.4}% 19
\BOOKMARK [2][-]{subsection.4.4}{Compattificazione di Alexandroff ed esaustioni}{section.4}% 20
\BOOKMARK [2][-]{subsection.4.5}{Compattezza per successioni}{section.4}% 21
\BOOKMARK [2][-]{subsection.4.6}{Completezza e caratterizzazione dei metrici compatti}{section.4}% 22
\BOOKMARK [2][-]{subsection.4.7}{Spazi di Baire}{section.4}% 23
\BOOKMARK [2][-]{subsection.4.8}{Azioni proprie}{section.4}% 24
\BOOKMARK [1][-]{section.5}{Spazi proiettivi e variet\340}{}% 25
\BOOKMARK [2][-]{subsection.5.1}{Spazi proiettivi}{section.5}% 26
\BOOKMARK [2][-]{subsection.5.2}{Proiettivi complessi}{section.5}% 27
\BOOKMARK [1][-]{section.6}{Omotopia}{}% 28
\BOOKMARK [2][-]{subsection.6.1}{Omotopie, equivalenze omotopiche e retrazioni}{section.6}% 29
\BOOKMARK [2][-]{subsection.6.2}{Gruppo fondamentale}{section.6}% 30
\BOOKMARK [2][-]{subsection.6.3}{Il gruppo fondamentale come funtore}{section.6}% 31
